<?xml version="1.0" encoding="UTF-8"?>
<!-- Generated by org.testng.reporters.JUnitXMLReporter -->
<testsuite hostname="kalyansai" name="Gmail" tests="5" failures="0" timestamp="18 Jun 2016 16:34:09 GMT" time="0.013" errors="0">
  <testcase name="GmailLogin" time="0.001" classname="Test1.GmailTest"/>
  <testcase name="GmailLogin" time="0.0" classname="Test1.GmailTest"/>
  <testcase name="testRecieveMail" time="0.0" classname="Test1.GmailTest">
    <skipped/>
  </testcase> <!-- testRecieveMail -->
  <testcase name="testSendingMail" time="0.001" classname="Test1.GmailTest"/>
  <testcase name="GmailLogout" time="0.0" classname="Test1.GmailTest"/>
</testsuite> <!-- Gmail -->
